<?xml version="1.0" encoding="UTF-8"?>
<testsuite xmlns:xsi="http://www.w3.org/2001/XMLSchema-instance" xsi:noNamespaceSchemaLocation="https://maven.apache.org/surefire/maven-surefire-plugin/xsd/surefire-test-report-3.0.xsd" version="3.0" name="javamaven.javamaven.JavaMavenApplicationTests" time="4.865" tests="1" errors="0" skipped="0" failures="0">
  <properties>
[...]
</properties>
  <testcase name="contextLoads" classname="javamaven.javamaven.JavaMavenApplicationTests" time="1.582">
    <system-out><![CDATA[13:33:54.437 [main] INFO org.springframework.test.context.support.AnnotationConfigContextLoaderUtils -- Could not detect default configuration classes for test class [javamaven.javamaven.JavaMavenApplicationTests]: JavaMavenApplicationTests does not declare any static, non-private, non-final, nested classes annotated with @Configuration.
13:33:54.697 [main] INFO org.springframework.boot.test.context.SpringBootTestContextBootstrapper -- Found @SpringBootConfiguration javamaven.javamaven.JavaMavenApplication for test class javamaven.javamaven.JavaMavenApplicationTests

  .   ____          _            __ _ _
 /\\ / ___'_ __ _ _(_)_ __  __ _ \ \ \ \
( ( )\___ | '_ | '_| | '_ \/ _` | \ \ \ \
 \\/  ___)| |_)| | | | | || (_| |  ) ) ) )
  '  |____| .__|_| |_|_| |_\__, | / / / /
 =========|_|==============|___/=/_/_/_/
 :: Spring Boot ::                (v3.1.5)

2023-10-29T13:33:55.362+05:30  INFO 2744 --- [           main] j.javamaven.JavaMavenApplicationTests    : Starting JavaMavenApplicationTests using Java 20.0.2 with PID 2744 (started by z004mt2k in C:\Users\Z004MT2K\Desktop\Devopse\demo\java-maven)
2023-10-29T13:33:55.365+05:30  INFO 2744 --- [           main] j.javamaven.JavaMavenApplicationTests    : No active profile set, falling back to 1 default profile: "default"
2023-10-29T13:33:57.295+05:30  INFO 2744 --- [           main] j.javamaven.JavaMavenApplicationTests    : Started JavaMavenApplicationTests in 2.358 seconds (process running for 4.436)
]]></system-out>
  </testcase>
</testsuite>